c:\users\drago\onedrive\escritorio\labcomputaciongrafica\2021-1-cg11\sesión 8\debug\vc142.pdb
c:\users\drago\onedrive\escritorio\labcomputaciongrafica\2021-1-cg11\sesión 8\debug\vc142.idb
c:\users\drago\onedrive\escritorio\labcomputaciongrafica\2021-1-cg11\sesión 8\debug\window.obj
c:\users\drago\onedrive\escritorio\labcomputaciongrafica\2021-1-cg11\sesión 8\debug\texture.obj
c:\users\drago\onedrive\escritorio\labcomputaciongrafica\2021-1-cg11\sesión 8\debug\spotlight.obj
c:\users\drago\onedrive\escritorio\labcomputaciongrafica\2021-1-cg11\sesión 8\debug\sphere.obj
c:\users\drago\onedrive\escritorio\labcomputaciongrafica\2021-1-cg11\sesión 8\debug\skybox.obj
c:\users\drago\onedrive\escritorio\labcomputaciongrafica\2021-1-cg11\sesión 8\debug\shader_light.obj
c:\users\drago\onedrive\escritorio\labcomputaciongrafica\2021-1-cg11\sesión 8\debug\pointlight.obj
c:\users\drago\onedrive\escritorio\labcomputaciongrafica\2021-1-cg11\sesión 8\debug\model.obj
c:\users\drago\onedrive\escritorio\labcomputaciongrafica\2021-1-cg11\sesión 8\debug\mesh_tn.obj
c:\users\drago\onedrive\escritorio\labcomputaciongrafica\2021-1-cg11\sesión 8\debug\material.obj
c:\users\drago\onedrive\escritorio\labcomputaciongrafica\2021-1-cg11\sesión 8\debug\light.obj
c:\users\drago\onedrive\escritorio\labcomputaciongrafica\2021-1-cg11\sesión 8\debug\iluminacion20221.obj
c:\users\drago\onedrive\escritorio\labcomputaciongrafica\2021-1-cg11\sesión 8\debug\directionallight.obj
c:\users\drago\onedrive\escritorio\labcomputaciongrafica\2021-1-cg11\sesión 8\debug\camera.obj
c:\users\drago\onedrive\escritorio\labcomputaciongrafica\2021-1-cg11\sesión 8\debug\e08-316256919.obj
c:\users\drago\onedrive\escritorio\labcomputaciongrafica\2021-1-cg11\debug\sesión 8.exe
c:\users\drago\onedrive\escritorio\labcomputaciongrafica\2021-1-cg11\sesión 8\debug\sesión 8.ilk
c:\users\drago\onedrive\escritorio\labcomputaciongrafica\2021-1-cg11\debug\sesión 8.pdb
c:\users\drago\onedrive\escritorio\labcomputaciongrafica\2021-1-cg11\sesión 8\debug\cargamodelos.obj
c:\users\drago\onedrive\escritorio\labcomputaciongrafica\2021-1-cg11\sesión 8\debug\sesión 7.ilk
c:\users\drago\onedrive\escritorio\labcomputaciongrafica\2021-1-cg11\sesión 8\debug\sesión 8.tlog\cl.command.1.tlog
c:\users\drago\onedrive\escritorio\labcomputaciongrafica\2021-1-cg11\sesión 8\debug\sesión 8.tlog\cl.read.1.tlog
c:\users\drago\onedrive\escritorio\labcomputaciongrafica\2021-1-cg11\sesión 8\debug\sesión 8.tlog\cl.write.1.tlog
c:\users\drago\onedrive\escritorio\labcomputaciongrafica\2021-1-cg11\sesión 8\debug\sesión 8.tlog\link.command.1.tlog
c:\users\drago\onedrive\escritorio\labcomputaciongrafica\2021-1-cg11\sesión 8\debug\sesión 8.tlog\link.read.1.tlog
c:\users\drago\onedrive\escritorio\labcomputaciongrafica\2021-1-cg11\sesión 8\debug\sesión 8.tlog\link.write.1.tlog
